This is pdfTeX, Version 3.1415926-2.5-1.40.14 (MiKTeX 2.9) (preloaded format=pdflatex 2014.8.5)  5 AUG 2014 23:37
entering extended mode
**C:/Users/Ryan/Desktop/storj/Metadisk*Whitepaper.tex
("C:/Users/Ryan/Desktop/storj/Metadisk Whitepaper.tex"
LaTeX2e <2011/06/27>
Babel <v3.8m> and hyphenation patterns for english, afrikaans, ancientgreek, ar
abic, armenian, assamese, basque, bengali, bokmal, bulgarian, catalan, coptic, 
croatian, czech, danish, dutch, esperanto, estonian, farsi, finnish, french, ga
lician, german, german-x-2013-05-26, greek, gujarati, hindi, hungarian, iceland
ic, indonesian, interlingua, irish, italian, kannada, kurmanji, latin, latvian,
 lithuanian, malayalam, marathi, mongolian, mongolianlmc, monogreek, ngerman, n
german-x-2013-05-26, nynorsk, oriya, panjabi, pinyin, polish, portuguese, roman
ian, russian, sanskrit, serbian, slovak, slovenian, spanish, swedish, swissgerm
an, tamil, telugu, turkish, turkmen, ukenglish, ukrainian, uppersorbian, usengl
ishmax, welsh, loaded.
("C:\Program Files (x86)\MiKTeX 2.9\tex\latex\base\article.cls"
Document Class: article 2007/10/19 v1.4h Standard LaTeX document class
("C:\Program Files (x86)\MiKTeX 2.9\tex\latex\base\size12.clo"
File: size12.clo 2007/10/19 v1.4h Standard LaTeX file (size option)
)
\c@part=\count79
\c@section=\count80
\c@subsection=\count81
\c@subsubsection=\count82
\c@paragraph=\count83
\c@subparagraph=\count84
\c@figure=\count85
\c@table=\count86
\abovecaptionskip=\skip41
\belowcaptionskip=\skip42
\bibindent=\dimen102
)
("C:\Program Files (x86)\MiKTeX 2.9\tex\latex\url\url.sty"
\Urlmuskip=\muskip10
Package: url 2013/09/16  ver 3.4  Verb mode for urls, etc.
)
("C:\Program Files (x86)\MiKTeX 2.9\tex\latex\graphics\graphicx.sty"
Package: graphicx 1999/02/16 v1.0f Enhanced LaTeX Graphics (DPC,SPQR)

("C:\Program Files (x86)\MiKTeX 2.9\tex\latex\graphics\keyval.sty"
Package: keyval 1999/03/16 v1.13 key=value parser (DPC)
\KV@toks@=\toks14
)
("C:\Program Files (x86)\MiKTeX 2.9\tex\latex\graphics\graphics.sty"
Package: graphics 2009/02/05 v1.0o Standard LaTeX Graphics (DPC,SPQR)

("C:\Program Files (x86)\MiKTeX 2.9\tex\latex\graphics\trig.sty"
Package: trig 1999/03/16 v1.09 sin cos tan (DPC)
)
("C:\Program Files (x86)\MiKTeX 2.9\tex\latex\00miktex\graphics.cfg"
File: graphics.cfg 2007/01/18 v1.5 graphics configuration of teTeX/TeXLive
)
Package graphics Info: Driver file: pdftex.def on input line 91.

("C:\Program Files (x86)\MiKTeX 2.9\tex\latex\pdftex-def\pdftex.def"
File: pdftex.def 2011/05/27 v0.06d Graphics/color for pdfTeX

("C:\Program Files (x86)\MiKTeX 2.9\tex\generic\oberdiek\infwarerr.sty"
Package: infwarerr 2010/04/08 v1.3 Providing info/warning/error messages (HO)
)
("C:\Program Files (x86)\MiKTeX 2.9\tex\generic\oberdiek\ltxcmds.sty"
Package: ltxcmds 2011/11/09 v1.22 LaTeX kernel commands for general use (HO)
)
\Gread@gobject=\count87
))
\Gin@req@height=\dimen103
\Gin@req@width=\dimen104
)
("C:\Program Files (x86)\MiKTeX 2.9\tex\generic\babel\babel.sty"
Package: babel 2008/07/08 v3.8m The Babel package

*************************************
* Local config file bblopts.cfg used
*
("C:\Program Files (x86)\MiKTeX 2.9\tex\latex\00miktex\bblopts.cfg"
File: bblopts.cfg 2006/07/31 v1.0 MiKTeX 'babel' configuration
)
("C:\Program Files (x86)\MiKTeX 2.9\tex\generic\babel\english.ldf"
Language: english 2005/03/30 v3.3o English support from the babel system

("C:\Program Files (x86)\MiKTeX 2.9\tex\generic\babel\babel.def"
File: babel.def 2008/07/08 v3.8m Babel common definitions
\babel@savecnt=\count88
\U@D=\dimen105
)
\l@canadian = a dialect from \language\l@american 
\l@australian = a dialect from \language\l@british 
\l@newzealand = a dialect from \language\l@british 
))
("C:\Users\Ryan\Desktop\storj\Metadisk Whitepaper.aux")
LaTeX Font Info:    Checking defaults for OML/cmm/m/it on input line 6.
LaTeX Font Info:    ... okay on input line 6.
LaTeX Font Info:    Checking defaults for T1/cmr/m/n on input line 6.
LaTeX Font Info:    ... okay on input line 6.
LaTeX Font Info:    Checking defaults for OT1/cmr/m/n on input line 6.
LaTeX Font Info:    ... okay on input line 6.
LaTeX Font Info:    Checking defaults for OMS/cmsy/m/n on input line 6.
LaTeX Font Info:    ... okay on input line 6.
LaTeX Font Info:    Checking defaults for OMX/cmex/m/n on input line 6.
LaTeX Font Info:    ... okay on input line 6.
LaTeX Font Info:    Checking defaults for U/cmr/m/n on input line 6.
LaTeX Font Info:    ... okay on input line 6.

("C:\Program Files (x86)\MiKTeX 2.9\tex\context\base\supp-pdf.mkii"
[Loading MPS to PDF converter (version 2006.09.02).]
\scratchcounter=\count89
\scratchdimen=\dimen106
\scratchbox=\box26
\nofMPsegments=\count90
\nofMParguments=\count91
\everyMPshowfont=\toks15
\MPscratchCnt=\count92
\MPscratchDim=\dimen107
\MPnumerator=\count93
\makeMPintoPDFobject=\count94
\everyMPtoPDFconversion=\toks16
)
LaTeX Font Info:    External font `cmex10' loaded for size
(Font)              <14.4> on input line 12.
LaTeX Font Info:    External font `cmex10' loaded for size
(Font)              <7> on input line 12.
LaTeX Font Info:    External font `cmex10' loaded for size
(Font)              <10.95> on input line 12.
LaTeX Font Info:    External font `cmex10' loaded for size
(Font)              <8> on input line 12.
LaTeX Font Info:    External font `cmex10' loaded for size
(Font)              <6> on input line 12.
Missing character: There is no ‚ in font cmr12!
Missing character: There is no Ä in font cmr12!
Missing character: There is no ô in font cmr12!
Missing character: There is no ‚ in font cmr12!
Missing character: There is no Ä in font cmr12!
Missing character: There is no ô in font cmr12!
Missing character: There is no ‚ in font cmr12!
Missing character: There is no Ä in font cmr12!
Missing character: There is no ú in font cmr12!
Missing character: There is no ‚ in font cmr12!
Missing character: There is no Ä in font cmr12!
Missing character: There is no ù in font cmr12!
Missing character: There is no ‚ in font cmr12!
Missing character: There is no Ä in font cmr12!
Missing character: There is no ú in font cmr12!
Missing character: There is no ‚ in font cmr12!
Missing character: There is no Ä in font cmr12!
Missing character: There is no ù in font cmr12!
Missing character: There is no ‚ in font cmr12!
Missing character: There is no Ä in font cmr12!
Missing character: There is no ú in font cmr12!
Missing character: There is no ‚ in font cmr12!
Missing character: There is no Ä in font cmr12!
Missing character: There is no ù in font cmr12!
Missing character: There is no ‚ in font cmr12!
Missing character: There is no Ä in font cmr12!
Missing character: There is no ú in font cmr12!
Missing character: There is no ‚ in font cmr12!
Missing character: There is no Ä in font cmr12!
Missing character: There is no ù in font cmr12!
Missing character: There is no ‚ in font cmr12!
Missing character: There is no Ä in font cmr12!
Missing character: There is no ú in font cmr12!
Missing character: There is no ‚ in font cmr12!
Missing character: There is no Ä in font cmr12!
Missing character: There is no ù in font cmr12!
Missing character: There is no ‚ in font cmr12!
Missing character: There is no Ä in font cmr12!
Missing character: There is no ú in font cmr12!
Missing character: There is no ‚ in font cmr12!
Missing character: There is no Ä in font cmr12!
Missing character: There is no ù in font cmr12!
Missing character: There is no ‚ in font cmr12!
Missing character: There is no Ä in font cmr12!
Missing character: There is no ô in font cmr12!
Missing character: There is no ‚ in font cmr12!
Missing character: There is no Ä in font cmr12!
Missing character: There is no ô in font cmr12!

Underfull \hbox (badness 10000) in paragraph at lines 19--20

 []

[1

{C:/ProgramData/MiKTeX/2.9/pdftex/config/pdftex.map}]
<01.png, id=9, 1606.0pt x 702.625pt>
File: 01.png Graphic file (type png)
 <use 01.png>
Package pdftex.def Info: 01.png used on input line 23.
(pdftex.def)             Requested size: 390.0pt x 170.62758pt.

Underfull \hbox (badness 10000) in paragraph at lines 27--28

 []

Missing character: There is no ‚ in font cmr12!
Missing character: There is no Ä in font cmr12!
Missing character: There is no ô in font cmr12!

Underfull \hbox (badness 10000) in paragraph at lines 29--30

 []


LaTeX Warning: Citation `1' on page 2 undefined on input line 31.


LaTeX Warning: Citation `2' on page 2 undefined on input line 31.


Underfull \hbox (badness 10000) in paragraph at lines 31--32

 []

[2 <C:/Users/Ryan/Desktop/storj/01.png>]

LaTeX Warning: Citation `3' on page 3 undefined on input line 33.


LaTeX Warning: Citation `4' on page 3 undefined on input line 33.


Underfull \hbox (badness 10000) in paragraph at lines 33--34

 []

Missing character: There is no ‚ in font cmr12!
Missing character: There is no Ä in font cmr12!
Missing character: There is no ô in font cmr12!

Underfull \hbox (badness 10000) in paragraph at lines 40--41

 []

[3]
Missing character: There is no ‚ in font cmr12!
Missing character: There is no Ä in font cmr12!
Missing character: There is no ú in font cmr12!
Missing character: There is no ‚ in font cmr12!
Missing character: There is no Ä in font cmr12!
Missing character: There is no ù in font cmr12!

Underfull \hbox (badness 10000) in paragraph at lines 42--43

 []


LaTeX Warning: Citation `7' on page 4 undefined on input line 44.

<02.png, id=16, 1674.255pt x 931.48pt>
File: 02.png Graphic file (type png)
 <use 02.png>
Package pdftex.def Info: 02.png used on input line 48.
(pdftex.def)             Requested size: 390.0pt x 216.96483pt.

Underfull \hbox (badness 10000) in paragraph at lines 54--55

 []

[4 <C:/Users/Ryan/Desktop/storj/02.png>]

LaTeX Warning: Citation `5' on page 5 undefined on input line 56.

<03.png, id=22, 1706.375pt x 752.8125pt>
File: 03.png Graphic file (type png)
 <use 03.png>
Package pdftex.def Info: 03.png used on input line 64.
(pdftex.def)             Requested size: 390.0pt x 172.05196pt.


LaTeX Warning: Citation `6' on page 5 undefined on input line 70.


Underfull \hbox (badness 10000) in paragraph at lines 70--71

 []

[5 <C:/Users/Ryan/Desktop/storj/03.png>]

LaTeX Warning: Citation `7' on page 6 undefined on input line 72.


LaTeX Warning: Citation `1' on page 6 undefined on input line 72.


Underfull \hbox (badness 10000) in paragraph at lines 72--73

 []


LaTeX Warning: Citation `8' on page 6 undefined on input line 78.

Missing character: There is no ‚ in font cmr12!
Missing character: There is no Ä in font cmr12!
Missing character: There is no ô in font cmr12!
Missing character: There is no ‚ in font cmr12!
Missing character: There is no Ä in font cmr12!
Missing character: There is no ô in font cmr12!

Underfull \hbox (badness 10000) in paragraph at lines 78--79

 []

<05.png, id=27, 873.2625pt x 420.57124pt>
File: 05.png Graphic file (type png)
 <use 05.png>
Package pdftex.def Info: 05.png used on input line 82.
(pdftex.def)             Requested size: 390.0pt x 187.82423pt.


LaTeX Warning: `!h' float specifier changed to `!ht'.


LaTeX Warning: Citation `17' on page 6 undefined on input line 88.

[6]
Underfull \hbox (badness 10000) in paragraph at lines 92--93

 []


LaTeX Warning: Citation `9' on page 7 undefined on input line 94.

Missing character: There is no ‚ in font cmr12!
Missing character: There is no Ä in font cmr12!
Missing character: There is no ô in font cmr12!

Underfull \hbox (badness 10000) in paragraph at lines 94--95

 []


LaTeX Warning: Citation `10' on page 7 undefined on input line 96.

[7 <C:/Users/Ryan/Desktop/storj/05.png>]

LaTeX Warning: Citation `11' on page 8 undefined on input line 100.


Underfull \hbox (badness 10000) in paragraph at lines 100--101

 []


Underfull \hbox (badness 10000) in paragraph at lines 102--103

 []

File: 05.png Graphic file (type png)
<use 05.png>
Package pdftex.def Info: 05.png used on input line 108.
(pdftex.def)             Requested size: 390.0pt x 187.82423pt.
 [8]

LaTeX Warning: Citation `12' on page 9 undefined on input line 115.


LaTeX Warning: Citation `12' on page 9 undefined on input line 115.


Underfull \hbox (badness 10000) in paragraph at lines 119--120

 []

[9]
LaTeX Font Info:    Try loading font information for OMS+cmr on input line 121.

 ("C:\Program Files (x86)\MiKTeX 2.9\tex\latex\base\omscmr.fd"
File: omscmr.fd 1999/05/25 v2.5h Standard LaTeX font definitions
)
LaTeX Font Info:    Font shape `OMS/cmr/m/n' in size <12> not available
(Font)              Font shape `OMS/cmsy/m/n' tried instead on input line 121.

Overfull \hbox (80.04733pt too wide) in paragraph at lines 121--131
[][]\OT1/cmr/m/n/12 file[]hash: ``6e163442e29ec8d7538bc86fe2c4a48778e8ae2254632
f0889da753b1c357b1b'', 
 []


Overfull \hbox (59.40881pt too wide) in paragraph at lines 121--131
[][]\OMS/cmsy/m/n/12 f \OT1/cmr/m/n/12 "host[]name":"mediafire" , ``url":"http:
//www.mediafire.com/?qorncpzfe74s9"\OMS/cmsy/m/n/12 g\OT1/cmr/m/n/12 , 
 []


Overfull \hbox (42.24094pt too wide) in paragraph at lines 121--131
[][]\OMS/cmsy/m/n/12 f \OT1/cmr/m/n/12 "host[]name":"rapidshare" , ``url":"http
://rapidshare.com/files/130403982"\OMS/cmsy/m/n/12 g 
 []


Underfull \hbox (badness 10000) in paragraph at lines 121--131

 []


LaTeX Warning: Citation `13' on page 10 undefined on input line 132.

<06.png, id=41, 873.2625pt x 436.63126pt>
File: 06.png Graphic file (type png)
 <use 06.png>
Package pdftex.def Info: 06.png used on input line 136.
(pdftex.def)             Requested size: 390.0pt x 194.99652pt.


LaTeX Warning: `!h' float specifier changed to `!ht'.

Missing character: There is no ‚ in font cmr12!
Missing character: There is no Ä in font cmr12!
Missing character: There is no ú in font cmr12!
Missing character: There is no ‚ in font cmr12!
Missing character: There is no Ä in font cmr12!
Missing character: There is no ù in font cmr12!
Missing character: There is no ‚ in font cmr12!
Missing character: There is no Ä in font cmr12!
Missing character: There is no ô in font cmr12!

LaTeX Warning: Citation `14' on page 10 undefined on input line 142.


LaTeX Warning: Citation `15' on page 10 undefined on input line 142.


Underfull \hbox (badness 10000) in paragraph at lines 146--147

 []

[10]
Missing character: There is no ‚ in font cmr12!
Missing character: There is no Ä in font cmr12!
Missing character: There is no ô in font cmr12!


LaTeX Warning: Citation `16' on page 11 undefined on input line 152.

Missing character: There is no ‚ in font cmr12!
Missing character: There is no Ä in font cmr12!
Missing character: There is no ô in font cmr12!

LaTeX Warning: Citation `17' on page 11 undefined on input line 152.


Underfull \hbox (badness 10000) in paragraph at lines 152--153

 []

[11 <C:/Users/Ryan/Desktop/storj/06.png>]
Underfull \hbox (badness 10000) in paragraph at lines 154--155

 []


Underfull \hbox (badness 10000) in paragraph at lines 160--161

 []

("C:\Users\Ryan\Desktop\storj\Metadisk Whitepaper.bbl"

LaTeX Warning: Empty `thebibliography' environment on input line 3.

) [12] ("C:\Users\Ryan\Desktop\storj\Metadisk Whitepaper.aux")

LaTeX Warning: There were undefined references.

 ) 
Here is how much of TeX's memory you used:
 1587 strings out of 493921
 20627 string characters out of 3144880
 75947 words of memory out of 3000000
 4895 multiletter control sequences out of 15000+200000
 9534 words of font info for 34 fonts, out of 3000000 for 9000
 841 hyphenation exceptions out of 8191
 27i,7n,21p,1113b,423s stack positions out of 5000i,500n,10000p,200000b,50000s
<C:/Program Files (x86)/MiKTeX 2.9/fonts/type1/public/amsfonts/cm/cmbx12.pfb>
<C:/Program Files (x86)/MiKTeX 2.9/fonts/type1/public/amsfonts/cm/cmr10.pfb><C:
/Program Files (x86)/MiKTeX 2.9/fonts/type1/public/amsfonts/cm/cmr12.pfb><C:/Pr
ogram Files (x86)/MiKTeX 2.9/fonts/type1/public/amsfonts/cm/cmsy10.pfb><C:/Prog
ram Files (x86)/MiKTeX 2.9/fonts/type1/public/amsfonts/cm/cmtt10.pfb>
Output written on "Metadisk Whitepaper.pdf" (12 pages, 261575 bytes).
PDF statistics:
 69 PDF objects out of 1000 (max. 8388607)
 0 named destinations out of 1000 (max. 500000)
 26 words of extra memory for PDF output out of 10000 (max. 10000000)

